[LOG] System::create                           : Header version = 2.01.09. Current version = 2.01.09.
[LOG] Manager::init                            : maxchannels = 256 studioflags = 00000006 flags 00000000 extradriverdata 0x0.
[LOG] SystemI::init                            : Initialize version=20109 (115889), maxchannels=256, flags=0x00020000
[LOG] SystemI::setOutputInternal               : Setting output to 'FMOD Core Audio Output'
[LOG] OutputCoreAudio::init                    : Output running 2 channels at 44100Hz sample rate.
[LOG] OutputCoreAudio::init                    : Maximum hardware read size: 1024 samples, Software buffer size: 512 samples, Number of software buffers: 4.
[LOG] SystemI::init                            : Output requires a sample rate of 44100Hz, resampling will occur.
[LOG] Thread::initThread                       : Init FMOD stream thread. Affinity: 0x8000000000000003, Priority: 0xFFFF7FFB, Stack Size: 98304, Semaphore: No, Sleep Time: 10, Looping: Yes.
[LOG] Thread::initThread                       : Init FMOD mixer thread. Affinity: 0x8000000000000001, Priority: 0xFFFF7FFA, Stack Size: 81920, Semaphore: Yes, Sleep Time: 0, Looping: Yes.
[LOG] AsyncManager::init                       : manager 0x7fede30d4208 isAsync 0 updatePeriod 0.02
[LOG] AsyncManager::init                       : done
[LOG] PlaybackSystem::init                     : 
[LOG] Thread::initThread                       : Init FMOD Studio sample load thread. Affinity: 0x8000000000000003, Priority: 0xFFFF7FFD, Stack Size: 98304, Semaphore: No, Sleep Time: 1, Looping: No.
[LOG] PlaybackSystem::init                     : done
[LOG] Thread::initThread                       : Init FMOD Studio bank load thread. Affinity: 0x8000000000000003, Priority: 0xFFFF7FFD, Stack Size: 98304, Semaphore: No, Sleep Time: 1, Looping: No.
[LOG] Manager::init                            : done.
[LOG] Manager::readBank                        : fileversion = 135, compatVersion = 132 (oldest = 44, newest = 135)
[LOG] Manager::readBank                        : fileversion = 135, compatVersion = 132 (oldest = 44, newest = 135)
[LOG] Manager::readBank                        : fileversion = 135, compatVersion = 132 (oldest = 44, newest = 135)
[LOG] SystemI::createSoundInternal             : Create name='', mode=0x02000202
[LOG] SystemI::createSoundInternal             : exinfo->cbsize             = 224
[LOG] SystemI::createSoundInternal             : exinfo->length             = 190816
[LOG] SystemI::createSoundInternal             : exinfo->fileoffset         = 13696
[LOG] SystemI::createSoundInternal             : exinfo->numsubsounds       = 1
[LOG] SystemI::createSoundInternal             : exinfo->inclusionlist      = 0x7000093ba8b4
[LOG] SystemI::createSoundInternal             : exinfo->inclusionlistnum   = 1
[LOG] SystemI::createSoundInternal             : exinfo->suggestedsoundtype = 5
[LOG] SystemI::createSoundInternal             : exinfo->useropen           = 0x15e0c5782
[LOG] SystemI::createSoundInternal             : exinfo->userclose          = 0x15e0c5839
[LOG] SystemI::createSoundInternal             : exinfo->userread           = 0x15e0c5866
[LOG] SystemI::createSoundInternal             : exinfo->userseek           = 0x15e0c590a
[LOG] SystemI::createSoundInternal             : exinfo->fileuserdata       = 0x7fedeaebebe8
[LOG] SystemI::createSoundInternal             : exinfo->initialseekpostype = 1
[LOG] SystemI::DSPCodecPoolRegister            : register codec pool for pool type 5
[LOG] SystemI::createSoundInternal             : Sample 0/1: name='FS_Retro_Concrete_08', format=5, channels=1, frequency=48000, lengthbytes=704, lengthpcm=2786, pcmblocksize=0, loopstart=0, loopend=0, mode=0x00000000, channelmask=0x00000000, channelorder=0, peakvolume=0.081497.
[LOG] SystemI::createSoundInternal             : Create name='', mode=0x02000202
[LOG] SystemI::createSoundInternal             : exinfo->cbsize             = 224
[LOG] SystemI::createSoundInternal             : exinfo->length             = 190816
[LOG] SystemI::createSoundInternal             : exinfo->fileoffset         = 13696
[LOG] SystemI::createSoundInternal             : exinfo->numsubsounds       = 1
[LOG] SystemI::createSoundInternal             : exinfo->inclusionlist      = 0x7000093ba8b4
[LOG] SystemI::createSoundInternal             : exinfo->inclusionlistnum   = 1
[LOG] SystemI::createSoundInternal             : exinfo->suggestedsoundtype = 5
[LOG] SystemI::createSoundInternal             : exinfo->useropen           = 0x15e0c5782
[LOG] SystemI::createSoundInternal             : exinfo->userclose          = 0x15e0c5839
[LOG] SystemI::createSoundInternal             : exinfo->userread           = 0x15e0c5866
[LOG] SystemI::createSoundInternal             : exinfo->userseek           = 0x15e0c590a
[LOG] SystemI::createSoundInternal             : exinfo->fileuserdata       = 0x7fedeaebebe8
[LOG] SystemI::createSoundInternal             : exinfo->initialseekpostype = 1
[LOG] SystemI::DSPCodecPoolRegister            : register codec pool for pool type 5
[LOG] SystemI::createSoundInternal             : Sample 0/1: name='FS_Retro_Concrete_05', format=5, channels=1, frequency=48000, lengthbytes=704, lengthpcm=2786, pcmblocksize=0, loopstart=0, loopend=0, mode=0x00000000, channelmask=0x00000000, channelorder=0, peakvolume=0.241950.
[LOG] SystemI::createSoundInternal             : Create name='', mode=0x02000202
[LOG] SystemI::createSoundInternal             : exinfo->cbsize             = 224
[LOG] SystemI::createSoundInternal             : exinfo->length             = 190816
[LOG] SystemI::createSoundInternal             : exinfo->fileoffset         = 13696
[LOG] SystemI::createSoundInternal             : exinfo->numsubsounds       = 1
[LOG] SystemI::createSoundInternal             : exinfo->inclusionlist      = 0x7000093ba8b4
[LOG] SystemI::createSoundInternal             : exinfo->inclusionlistnum   = 1
[LOG] SystemI::createSoundInternal             : exinfo->suggestedsoundtype = 5
[LOG] SystemI::createSoundInternal             : exinfo->useropen           = 0x15e0c5782
[LOG] SystemI::createSoundInternal             : exinfo->userclose          = 0x15e0c5839
[LOG] SystemI::createSoundInternal             : exinfo->userread           = 0x15e0c5866
[LOG] SystemI::createSoundInternal             : exinfo->userseek           = 0x15e0c590a
[LOG] SystemI::createSoundInternal             : exinfo->fileuserdata       = 0x7fedeaebebe8
[LOG] SystemI::createSoundInternal             : exinfo->initialseekpostype = 1
[LOG] SystemI::DSPCodecPoolRegister            : register codec pool for pool type 5
[LOG] SystemI::createSoundInternal             : Sample 0/1: name='FS_Retro_Concrete_07', format=5, channels=1, frequency=48000, lengthbytes=832, lengthpcm=2786, pcmblocksize=0, loopstart=0, loopend=0, mode=0x00000000, channelmask=0x00000000, channelorder=0, peakvolume=0.100941.
[LOG] SystemI::createSoundInternal             : Create name='', mode=0x02000202
[LOG] SystemI::createSoundInternal             : exinfo->cbsize             = 224
[LOG] SystemI::createSoundInternal             : exinfo->length             = 190816
[LOG] SystemI::createSoundInternal             : exinfo->fileoffset         = 13696
[LOG] SystemI::createSoundInternal             : exinfo->numsubsounds       = 1
[LOG] SystemI::createSoundInternal             : exinfo->inclusionlist      = 0x7000093ba8b4
[LOG] SystemI::createSoundInternal             : exinfo->inclusionlistnum   = 1
[LOG] SystemI::createSoundInternal             : exinfo->suggestedsoundtype = 5
[LOG] SystemI::createSoundInternal             : exinfo->useropen           = 0x15e0c5782
[LOG] SystemI::createSoundInternal             : exinfo->userclose          = 0x15e0c5839
[LOG] SystemI::createSoundInternal             : exinfo->userread           = 0x15e0c5866
[LOG] SystemI::createSoundInternal             : exinfo->userseek           = 0x15e0c590a
[LOG] SystemI::createSoundInternal             : exinfo->fileuserdata       = 0x7fedeaebebe8
[LOG] SystemI::createSoundInternal             : exinfo->initialseekpostype = 1
[LOG] SystemI::DSPCodecPoolRegister            : register codec pool for pool type 5
[LOG] SystemI::createSoundInternal             : Sample 0/1: name='FS_Retro_Concrete_06', format=5, channels=1, frequency=48000, lengthbytes=768, lengthpcm=2786, pcmblocksize=0, loopstart=0, loopend=0, mode=0x00000000, channelmask=0x00000000, channelorder=0, peakvolume=0.126648.
[LOG] SystemI::createSoundInternal             : Create name='', mode=0x02000202
[LOG] SystemI::createSoundInternal             : exinfo->cbsize             = 224
[LOG] SystemI::createSoundInternal             : exinfo->length             = 190816
[LOG] SystemI::createSoundInternal             : exinfo->fileoffset         = 13696
[LOG] SystemI::createSoundInternal             : exinfo->numsubsounds       = 1
[LOG] SystemI::createSoundInternal             : exinfo->inclusionlist      = 0x7000093ba8b4
[LOG] SystemI::createSoundInternal             : exinfo->inclusionlistnum   = 1
[LOG] SystemI::createSoundInternal             : exinfo->suggestedsoundtype = 5
[LOG] SystemI::createSoundInternal             : exinfo->useropen           = 0x15e0c5782
[LOG] SystemI::createSoundInternal             : exinfo->userclose          = 0x15e0c5839
[LOG] SystemI::createSoundInternal             : exinfo->userread           = 0x15e0c5866
[LOG] SystemI::createSoundInternal             : exinfo->userseek           = 0x15e0c590a
[LOG] SystemI::createSoundInternal             : exinfo->fileuserdata       = 0x7fede663d8b8
[LOG] SystemI::createSoundInternal             : exinfo->initialseekpostype = 1
[LOG] SystemI::DSPCodecPoolRegister            : register codec pool for pool type 5
[LOG] SystemI::createSoundInternal             : Sample 0/1: name='MFGJ_Grunts_04', format=5, channels=1, frequency=48000, lengthbytes=1472, lengthpcm=54189, pcmblocksize=0, loopstart=0, loopend=0, mode=0x00000000, channelmask=0x00000000, channelorder=0, peakvolume=0.998000.
[LOG] SystemI::createSoundInternal             : Create name='', mode=0x02000202
[LOG] SystemI::createSoundInternal             : exinfo->cbsize             = 224
[LOG] SystemI::createSoundInternal             : exinfo->length             = 190816
[LOG] SystemI::createSoundInternal             : exinfo->fileoffset         = 13696
[LOG] SystemI::createSoundInternal             : exinfo->numsubsounds       = 1
[LOG] SystemI::createSoundInternal             : exinfo->inclusionlist      = 0x7000093ba8b4
[LOG] SystemI::createSoundInternal             : exinfo->inclusionlistnum   = 1
[LOG] SystemI::createSoundInternal             : exinfo->suggestedsoundtype = 5
[LOG] SystemI::createSoundInternal             : exinfo->useropen           = 0x15e0c5782
[LOG] SystemI::createSoundInternal             : exinfo->userclose          = 0x15e0c5839
[LOG] SystemI::createSoundInternal             : exinfo->userread           = 0x15e0c5866
[LOG] SystemI::createSoundInternal             : exinfo->userseek           = 0x15e0c590a
[LOG] SystemI::createSoundInternal             : exinfo->fileuserdata       = 0x7fede663d8b8
[LOG] SystemI::createSoundInternal             : exinfo->initialseekpostype = 1
[LOG] SystemI::DSPCodecPoolRegister            : register codec pool for pool type 5
[LOG] SystemI::createSoundInternal             : Sample 0/1: name='Woosh_Short_Raw_06', format=5, channels=2, frequency=48000, lengthbytes=10112, lengthpcm=42553, pcmblocksize=0, loopstart=0, loopend=0, mode=0x00000000, channelmask=0x00000000, channelorder=0, peakvolume=0.568540.
[LOG] SystemI::createSoundInternal             : Create name='', mode=0x02000202
[LOG] SystemI::createSoundInternal             : exinfo->cbsize             = 224
[LOG] SystemI::createSoundInternal             : exinfo->length             = 190816
[LOG] SystemI::createSoundInternal             : exinfo->fileoffset         = 13696
[LOG] SystemI::createSoundInternal             : exinfo->numsubsounds       = 1
[LOG] SystemI::createSoundInternal             : exinfo->inclusionlist      = 0x7000093ba8b4
[LOG] SystemI::createSoundInternal             : exinfo->inclusionlistnum   = 1
[LOG] SystemI::createSoundInternal             : exinfo->suggestedsoundtype = 5
[LOG] SystemI::createSoundInternal             : exinfo->useropen           = 0x15e0c5782
[LOG] SystemI::createSoundInternal             : exinfo->userclose          = 0x15e0c5839
[LOG] SystemI::createSoundInternal             : exinfo->userread           = 0x15e0c5866
[LOG] SystemI::createSoundInternal             : exinfo->userseek           = 0x15e0c590a
[LOG] SystemI::createSoundInternal             : exinfo->fileuserdata       = 0x7fede663d8b8
[LOG] SystemI::createSoundInternal             : exinfo->initialseekpostype = 1
[LOG] SystemI::DSPCodecPoolRegister            : register codec pool for pool type 5
[LOG] SystemI::createSoundInternal             : Sample 0/1: name='MFGJ_Grunts_03', format=5, channels=1, frequency=48000, lengthbytes=1472, lengthpcm=53417, pcmblocksize=0, loopstart=0, loopend=0, mode=0x00000000, channelmask=0x00000000, channelorder=0, peakvolume=1.000000.
[LOG] SystemI::createSoundInternal             : Create name='', mode=0x02000202
[LOG] SystemI::createSoundInternal             : exinfo->cbsize             = 224
[LOG] SystemI::createSoundInternal             : exinfo->length             = 190816
[LOG] SystemI::createSoundInternal             : exinfo->fileoffset         = 13696
[LOG] SystemI::createSoundInternal             : exinfo->numsubsounds       = 1
[LOG] SystemI::createSoundInternal             : exinfo->inclusionlist      = 0x7000093ba8b4
[LOG] SystemI::createSoundInternal             : exinfo->inclusionlistnum   = 1
[LOG] SystemI::createSoundInternal             : exinfo->suggestedsoundtype = 5
[LOG] SystemI::createSoundInternal             : exinfo->useropen           = 0x15e0c5782
[LOG] SystemI::createSoundInternal             : exinfo->userclose          = 0x15e0c5839
[LOG] SystemI::createSoundInternal             : exinfo->userread           = 0x15e0c5866
[LOG] SystemI::createSoundInternal             : exinfo->userseek           = 0x15e0c590a
[LOG] SystemI::createSoundInternal             : exinfo->fileuserdata       = 0x7fede663d8b8
[LOG] SystemI::createSoundInternal             : exinfo->initialseekpostype = 1
[LOG] SystemI::DSPCodecPoolRegister            : register codec pool for pool type 5
[LOG] SystemI::createSoundInternal             : Sample 0/1: name='MFGJ_Grunts_01', format=5, channels=1, frequency=48000, lengthbytes=1600, lengthpcm=54650, pcmblocksize=0, loopstart=0, loopend=0, mode=0x00000000, channelmask=0x00000000, channelorder=0, peakvolume=1.000000.
[LOG] SystemI::createSoundInternal             : Create name='', mode=0x02000202
[LOG] SystemI::createSoundInternal             : exinfo->cbsize             = 224
[LOG] SystemI::createSoundInternal             : exinfo->length             = 190816
[LOG] SystemI::createSoundInternal             : exinfo->fileoffset         = 13696
[LOG] SystemI::createSoundInternal             : exinfo->numsubsounds       = 1
[LOG] SystemI::createSoundInternal             : exinfo->inclusionlist      = 0x7000093ba8b4
[LOG] SystemI::createSoundInternal             : exinfo->inclusionlistnum   = 1
[LOG] SystemI::createSoundInternal             : exinfo->suggestedsoundtype = 5
[LOG] SystemI::createSoundInternal             : exinfo->useropen           = 0x15e0c5782
[LOG] SystemI::createSoundInternal             : exinfo->userclose          = 0x15e0c5839
[LOG] SystemI::createSoundInternal             : exinfo->userread           = 0x15e0c5866
[LOG] SystemI::createSoundInternal             : exinfo->userseek           = 0x15e0c590a
[LOG] SystemI::createSoundInternal             : exinfo->fileuserdata       = 0x7fede663d8b8
[LOG] SystemI::createSoundInternal             : exinfo->initialseekpostype = 1
[LOG] SystemI::DSPCodecPoolRegister            : register codec pool for pool type 5
[LOG] SystemI::createSoundInternal             : Sample 0/1: name='Woosh_Short_Raw_02', format=5, channels=2, frequency=48000, lengthbytes=8640, lengthpcm=53220, pcmblocksize=0, loopstart=0, loopend=0, mode=0x00000000, channelmask=0x00000000, channelorder=0, peakvolume=0.322482.
[LOG] SystemI::createSoundInternal             : Create name='', mode=0x02000202
[LOG] SystemI::createSoundInternal             : exinfo->cbsize             = 224
[LOG] SystemI::createSoundInternal             : exinfo->length             = 190816
[LOG] SystemI::createSoundInternal             : exinfo->fileoffset         = 13696
[LOG] SystemI::createSoundInternal             : exinfo->numsubsounds       = 1
[LOG] SystemI::createSoundInternal             : exinfo->inclusionlist      = 0x7000093ba8b4
[LOG] SystemI::createSoundInternal             : exinfo->inclusionlistnum   = 1
[LOG] SystemI::createSoundInternal             : exinfo->suggestedsoundtype = 5
[LOG] SystemI::createSoundInternal             : exinfo->useropen           = 0x15e0c5782
[LOG] SystemI::createSoundInternal             : exinfo->userclose          = 0x15e0c5839
[LOG] SystemI::createSoundInternal             : exinfo->userread           = 0x15e0c5866
[LOG] SystemI::createSoundInternal             : exinfo->userseek           = 0x15e0c590a
[LOG] SystemI::createSoundInternal             : exinfo->fileuserdata       = 0x7fede663d8b8
[LOG] SystemI::createSoundInternal             : exinfo->initialseekpostype = 1
[LOG] SystemI::DSPCodecPoolRegister            : register codec pool for pool type 5
[LOG] SystemI::createSoundInternal             : Sample 0/1: name='Woosh_Short_Raw_04', format=5, channels=2, frequency=48000, lengthbytes=10400, lengthpcm=49597, pcmblocksize=0, loopstart=0, loopend=0, mode=0x00000000, channelmask=0x00000000, channelorder=0, peakvolume=0.320612.
[LOG] SystemI::createSoundInternal             : Create name='', mode=0x02000202
[LOG] SystemI::createSoundInternal             : exinfo->cbsize             = 224
[LOG] SystemI::createSoundInternal             : exinfo->length             = 190816
[LOG] SystemI::createSoundInternal             : exinfo->fileoffset         = 13696
[LOG] SystemI::createSoundInternal             : exinfo->numsubsounds       = 1
[LOG] SystemI::createSoundInternal             : exinfo->inclusionlist      = 0x7000093ba8b4
[LOG] SystemI::createSoundInternal             : exinfo->inclusionlistnum   = 1
[LOG] SystemI::createSoundInternal             : exinfo->suggestedsoundtype = 5
[LOG] SystemI::createSoundInternal             : exinfo->useropen           = 0x15e0c5782
[LOG] SystemI::createSoundInternal             : exinfo->userclose          = 0x15e0c5839
[LOG] SystemI::createSoundInternal             : exinfo->userread           = 0x15e0c5866
[LOG] SystemI::createSoundInternal             : exinfo->userseek           = 0x15e0c590a
[LOG] SystemI::createSoundInternal             : exinfo->fileuserdata       = 0x7fede663d8b8
[LOG] SystemI::createSoundInternal             : exinfo->initialseekpostype = 1
[LOG] SystemI::DSPCodecPoolRegister            : register codec pool for pool type 5
[LOG] SystemI::createSoundInternal             : Sample 0/1: name='MFGJ_Grunts_02', format=5, channels=1, frequency=48000, lengthbytes=1344, lengthpcm=53691, pcmblocksize=0, loopstart=0, loopend=0, mode=0x00000000, channelmask=0x00000000, channelorder=0, peakvolume=0.995876.
[LOG] SystemI::createSoundInternal             : Create name='', mode=0x02000202
[LOG] SystemI::createSoundInternal             : exinfo->cbsize             = 224
[LOG] SystemI::createSoundInternal             : exinfo->length             = 190816
[LOG] SystemI::createSoundInternal             : exinfo->fileoffset         = 13696
[LOG] SystemI::createSoundInternal             : exinfo->numsubsounds       = 1
[LOG] SystemI::createSoundInternal             : exinfo->inclusionlist      = 0x7000093ba8b4
[LOG] SystemI::createSoundInternal             : exinfo->inclusionlistnum   = 1
[LOG] SystemI::createSoundInternal             : exinfo->suggestedsoundtype = 5
[LOG] SystemI::createSoundInternal             : exinfo->useropen           = 0x15e0c5782
[LOG] SystemI::createSoundInternal             : exinfo->userclose          = 0x15e0c5839
[LOG] SystemI::createSoundInternal             : exinfo->userread           = 0x15e0c5866
[LOG] SystemI::createSoundInternal             : exinfo->userseek           = 0x15e0c590a
[LOG] SystemI::createSoundInternal             : exinfo->fileuserdata       = 0x7fede663d8b8
[LOG] SystemI::createSoundInternal             : exinfo->initialseekpostype = 1
[LOG] SystemI::DSPCodecPoolRegister            : register codec pool for pool type 5
[LOG] SystemI::createSoundInternal             : Sample 0/1: name='MFGJ_Grunts_05', format=5, channels=1, frequency=48000, lengthbytes=1760, lengthpcm=55832, pcmblocksize=0, loopstart=0, loopend=0, mode=0x00000000, channelmask=0x00000000, channelorder=0, peakvolume=1.000000.
[LOG] SoundI::release                          :  (0x7fedec6e0f18)
[LOG] SoundI::release                          :     FS_Retro_Concrete_05 (0x7fedec6e1088)
[LOG] SoundI::release                          :  (0x7fedec6956b8)
[LOG] SoundI::release                          :     FS_Retro_Concrete_06 (0x7fedec695968)
[LOG] SoundI::release                          :  (0x7fedec6e1218)
[LOG] SoundI::release                          :     FS_Retro_Concrete_07 (0x7fedec695528)
[LOG] SoundI::release                          :  (0x7fedec6e19b8)
[LOG] SoundI::release                          :     FS_Retro_Concrete_08 (0x7fede654b798)
[LOG] SoundI::release                          :  (0x7fede888b9d8)
[LOG] SoundI::release                          :     MFGJ_Grunts_01 (0x7fede88f05e8)
[LOG] SoundI::release                          :  (0x7fede880bba8)
[LOG] SoundI::release                          :     MFGJ_Grunts_02 (0x7fede8824558)
[LOG] SoundI::release                          :  (0x7fede880bd58)
[LOG] SoundI::release                          :     MFGJ_Grunts_03 (0x7fede88d1818)
[LOG] SoundI::release                          :  (0x7fede3f66d48)
[LOG] SoundI::release                          :     MFGJ_Grunts_04 (0x7fede4c1ce98)
[LOG] SoundI::release                          :  (0x7fede880ba28)
[LOG] SoundI::release                          :     MFGJ_Grunts_05 (0x7fede88abef8)
[LOG] SoundI::release                          :  (0x7fede888da48)
[LOG] SoundI::release                          :     Woosh_Short_Raw_02 (0x7fede88ef868)
[LOG] SoundI::release                          :  (0x7fede88d2b68)
[LOG] SoundI::release                          :     Woosh_Short_Raw_04 (0x7fede883f7b8)
[LOG] SoundI::release                          :  (0x7fede3f789b8)
[LOG] SoundI::release                          :     Woosh_Short_Raw_06 (0x7fede89f6af8)
[LOG] Thread::callback                         : FMOD Studio update thread finished.
[LOG] Thread::callback                         : FMOD Studio bank load thread finished.
[LOG] Profile::disconnectAll                   : Profiler disconnecting all clients
[LOG] Thread::callback                         : FMOD Studio sample load thread finished.
[LOG] LiveUpdate::release                      : 
[LOG] LiveUpdate::reset                        : Reset connection (reason Disconnected)
[LOG] Thread::callback                         : FMOD stream thread finished.
[LOG] Thread::callback                         : FMOD mixer thread finished.
[LOG] Profile::disconnectAll                   : Profiler disconnecting all clients
[LOG] SystemI::close                           : Closed.
